<?xml version="1.0" encoding="UTF-8"?>
<!-- Generated by org.testng.reporters.JUnitXMLReporter -->
<testsuite hostname="Sandeeps-MacBook-Air.local" ignored="0" name="Default test" tests="3" failures="0" timestamp="06 Dec 2019 07:36:11 GMT" time="44.238" errors="0">
  <testcase name="verifyHomePageHeaderTest" time="1.254" classname="com.qa.hubspot.tests.HomePageTest"/>
  <testcase name="verifyHomePageTitleTest" time="0.014" classname="com.qa.hubspot.tests.HomePageTest"/>
  <testcase name="verifyLoggedInUserTest" time="0.662" classname="com.qa.hubspot.tests.HomePageTest"/>
</testsuite> <!-- Default test -->
