<?xml version="1.0" encoding="UTF-8"?>
<testng-results skipped="0" failed="0" ignored="0" total="7" passed="7">
  <reporter-output>
  </reporter-output>
  <suite name="Hub spot" duration-ms="103031" started-at="2019-12-06T10:41:13Z" finished-at="2019-12-06T10:42:56Z">
    <groups>
    </groups>
    <test name="Hub spot Regression Test" duration-ms="103031" started-at="2019-12-06T10:41:13Z" finished-at="2019-12-06T10:42:56Z">
      <class name="com.qa.hubspot.tests.LoginPageTest">
        <test-method status="PASS" signature="setUp()[pri:0, instance:com.qa.hubspot.tests.LoginPageTest@7c0c77c7]" name="setUp" is-config="true" duration-ms="11371" started-at="2019-12-06T10:41:13Z" finished-at="2019-12-06T10:41:25Z">
          <reporter-output>
          </reporter-output>
        </test-method> <!-- setUp -->
        <test-method status="PASS" signature="loginTest()[pri:0, instance:com.qa.hubspot.tests.LoginPageTest@7c0c77c7]" name="loginTest" duration-ms="4603" started-at="2019-12-06T10:41:25Z" finished-at="2019-12-06T10:41:29Z">
          <reporter-output>
          </reporter-output>
        </test-method> <!-- loginTest -->
        <test-method status="PASS" signature="tearDown()[pri:0, instance:com.qa.hubspot.tests.LoginPageTest@7c0c77c7]" name="tearDown" is-config="true" duration-ms="192" started-at="2019-12-06T10:41:29Z" finished-at="2019-12-06T10:41:29Z">
          <reporter-output>
          </reporter-output>
        </test-method> <!-- tearDown -->
        <test-method status="PASS" signature="setUp()[pri:0, instance:com.qa.hubspot.tests.LoginPageTest@7c0c77c7]" name="setUp" is-config="true" duration-ms="9183" started-at="2019-12-06T10:41:29Z" finished-at="2019-12-06T10:41:39Z">
          <reporter-output>
          </reporter-output>
        </test-method> <!-- setUp -->
        <test-method status="PASS" signature="verifyLoginPageTitleTest()[pri:0, instance:com.qa.hubspot.tests.LoginPageTest@7c0c77c7]" name="verifyLoginPageTitleTest" duration-ms="18" started-at="2019-12-06T10:41:39Z" finished-at="2019-12-06T10:41:39Z">
          <reporter-output>
          </reporter-output>
        </test-method> <!-- verifyLoginPageTitleTest -->
        <test-method status="PASS" signature="tearDown()[pri:0, instance:com.qa.hubspot.tests.LoginPageTest@7c0c77c7]" name="tearDown" is-config="true" duration-ms="156" started-at="2019-12-06T10:41:39Z" finished-at="2019-12-06T10:41:39Z">
          <reporter-output>
          </reporter-output>
        </test-method> <!-- tearDown -->
        <test-method status="PASS" signature="setUp()[pri:0, instance:com.qa.hubspot.tests.LoginPageTest@7c0c77c7]" name="setUp" is-config="true" duration-ms="9381" started-at="2019-12-06T10:41:39Z" finished-at="2019-12-06T10:41:48Z">
          <reporter-output>
          </reporter-output>
        </test-method> <!-- setUp -->
        <test-method status="PASS" signature="verifySignUpLinkTest()[pri:0, instance:com.qa.hubspot.tests.LoginPageTest@7c0c77c7]" name="verifySignUpLinkTest" duration-ms="81" started-at="2019-12-06T10:41:48Z" finished-at="2019-12-06T10:41:48Z">
          <reporter-output>
          </reporter-output>
        </test-method> <!-- verifySignUpLinkTest -->
        <test-method status="PASS" signature="tearDown()[pri:0, instance:com.qa.hubspot.tests.LoginPageTest@7c0c77c7]" name="tearDown" is-config="true" duration-ms="161" started-at="2019-12-06T10:41:48Z" finished-at="2019-12-06T10:41:48Z">
          <reporter-output>
          </reporter-output>
        </test-method> <!-- tearDown -->
      </class> <!-- com.qa.hubspot.tests.LoginPageTest -->
      <class name="com.qa.hubspot.tests.ContactsPageTest">
        <test-method status="PASS" signature="setUp()[pri:0, instance:com.qa.hubspot.tests.ContactsPageTest@7adda9cc]" name="setUp" is-config="true" duration-ms="19743" started-at="2019-12-06T10:41:48Z" finished-at="2019-12-06T10:42:08Z">
          <reporter-output>
          </reporter-output>
        </test-method> <!-- setUp -->
        <test-method status="PASS" signature="verifyContactsPageTitleTest()[pri:0, instance:com.qa.hubspot.tests.ContactsPageTest@7adda9cc]" name="verifyContactsPageTitleTest" duration-ms="16" started-at="2019-12-06T10:42:08Z" finished-at="2019-12-06T10:42:08Z">
          <reporter-output>
          </reporter-output>
        </test-method> <!-- verifyContactsPageTitleTest -->
        <test-method status="PASS" signature="tearDown()[pri:0, instance:com.qa.hubspot.tests.ContactsPageTest@7adda9cc]" name="tearDown" is-config="true" duration-ms="195" started-at="2019-12-06T10:42:08Z" finished-at="2019-12-06T10:42:08Z">
          <reporter-output>
          </reporter-output>
        </test-method> <!-- tearDown -->
      </class> <!-- com.qa.hubspot.tests.ContactsPageTest -->
      <class name="com.qa.hubspot.tests.HomePageTest">
        <test-method status="PASS" signature="setUp()[pri:0, instance:com.qa.hubspot.tests.HomePageTest@5cee5251]" name="setUp" is-config="true" duration-ms="15957" started-at="2019-12-06T10:42:08Z" finished-at="2019-12-06T10:42:24Z">
          <reporter-output>
          </reporter-output>
        </test-method> <!-- setUp -->
        <test-method status="PASS" signature="verifyHomePageHeaderTest()[pri:0, instance:com.qa.hubspot.tests.HomePageTest@5cee5251]" name="verifyHomePageHeaderTest" duration-ms="1815" started-at="2019-12-06T10:42:24Z" finished-at="2019-12-06T10:42:26Z">
          <reporter-output>
          </reporter-output>
        </test-method> <!-- verifyHomePageHeaderTest -->
        <test-method status="PASS" signature="tearDown()[pri:0, instance:com.qa.hubspot.tests.HomePageTest@5cee5251]" name="tearDown" is-config="true" duration-ms="175" started-at="2019-12-06T10:42:26Z" finished-at="2019-12-06T10:42:26Z">
          <reporter-output>
          </reporter-output>
        </test-method> <!-- tearDown -->
        <test-method status="PASS" signature="setUp()[pri:0, instance:com.qa.hubspot.tests.HomePageTest@5cee5251]" name="setUp" is-config="true" duration-ms="14320" started-at="2019-12-06T10:42:26Z" finished-at="2019-12-06T10:42:41Z">
          <reporter-output>
          </reporter-output>
        </test-method> <!-- setUp -->
        <test-method status="PASS" signature="verifyHomePageTitleTest()[pri:0, instance:com.qa.hubspot.tests.HomePageTest@5cee5251]" name="verifyHomePageTitleTest" duration-ms="11" started-at="2019-12-06T10:42:41Z" finished-at="2019-12-06T10:42:41Z">
          <reporter-output>
          </reporter-output>
        </test-method> <!-- verifyHomePageTitleTest -->
        <test-method status="PASS" signature="tearDown()[pri:0, instance:com.qa.hubspot.tests.HomePageTest@5cee5251]" name="tearDown" is-config="true" duration-ms="156" started-at="2019-12-06T10:42:41Z" finished-at="2019-12-06T10:42:41Z">
          <reporter-output>
          </reporter-output>
        </test-method> <!-- tearDown -->
        <test-method status="PASS" signature="setUp()[pri:0, instance:com.qa.hubspot.tests.HomePageTest@5cee5251]" name="setUp" is-config="true" duration-ms="14446" started-at="2019-12-06T10:42:41Z" finished-at="2019-12-06T10:42:55Z">
          <reporter-output>
          </reporter-output>
        </test-method> <!-- setUp -->
        <test-method status="PASS" signature="verifyLoggedInUserTest()[pri:0, instance:com.qa.hubspot.tests.HomePageTest@5cee5251]" name="verifyLoggedInUserTest" duration-ms="805" started-at="2019-12-06T10:42:55Z" finished-at="2019-12-06T10:42:56Z">
          <reporter-output>
          </reporter-output>
        </test-method> <!-- verifyLoggedInUserTest -->
        <test-method status="PASS" signature="tearDown()[pri:0, instance:com.qa.hubspot.tests.HomePageTest@5cee5251]" name="tearDown" is-config="true" duration-ms="178" started-at="2019-12-06T10:42:56Z" finished-at="2019-12-06T10:42:56Z">
          <reporter-output>
          </reporter-output>
        </test-method> <!-- tearDown -->
      </class> <!-- com.qa.hubspot.tests.HomePageTest -->
    </test> <!-- Hub spot Regression Test -->
  </suite> <!-- Hub spot -->
</testng-results>
