<?xml version="1.0" encoding="UTF-8"?>
<!-- Generated by org.testng.reporters.JUnitXMLReporter -->
<testsuite hostname="Sandeeps-Air-ceba" ignored="0" name="Hub spot Regression Test" tests="7" failures="0" timestamp="06 Dec 2019 10:42:56 GMT" time="103.031" errors="0">
  <testcase name="loginTest" time="4.603" classname="com.qa.hubspot.tests.LoginPageTest"/>
  <testcase name="verifyLoginPageTitleTest" time="0.018" classname="com.qa.hubspot.tests.LoginPageTest"/>
  <testcase name="verifySignUpLinkTest" time="0.081" classname="com.qa.hubspot.tests.LoginPageTest"/>
  <testcase name="verifyContactsPageTitleTest" time="0.016" classname="com.qa.hubspot.tests.ContactsPageTest"/>
  <testcase name="verifyHomePageHeaderTest" time="1.815" classname="com.qa.hubspot.tests.HomePageTest"/>
  <testcase name="verifyHomePageTitleTest" time="0.011" classname="com.qa.hubspot.tests.HomePageTest"/>
  <testcase name="verifyLoggedInUserTest" time="0.805" classname="com.qa.hubspot.tests.HomePageTest"/>
</testsuite> <!-- Hub spot Regression Test -->
